outputs/logs/manifest-merger-debug-report.txt
-- Merging decision tree log ---
manifest
ADDED from Desktop\ActivePlan\AndroidManifest.xml:2:1-517:12
	package
		ADDED from Desktop\ActivePlan\AndroidManifest.xml:3:5-32
	android:versionName
		ADDED from Desktop\ActivePlan\AndroidManifest.xml:5:5-32
		INJECTED from Desktop\ActivePlan\AndroidManifest.xml
		INJECTED from Desktop\ActivePlan\AndroidManifest.xml
	android:versionCode
		ADDED from Desktop\ActivePlan\AndroidManifest.xml:4:5-28
		INJECTED from Desktop\ActivePlan\AndroidManifest.xml
		INJECTED from Desktop\ActivePlan\AndroidManifest.xml
	xmlns:android
		ADDED from Desktop\ActivePlan\AndroidManifest.xml:2:11-69
uses-sdk
ADDED from Desktop\ActivePlan\AndroidManifest.xml:7:5-9:41
MERGED from [ActivePlan:library:unspecified] AndroidManifest.xml:7:5-9:41
	android:targetSdkVersion
		ADDED from Desktop\ActivePlan\AndroidManifest.xml:9:9-38
	android:minSdkVersion
		ADDED from Desktop\ActivePlan\AndroidManifest.xml:8:9-35
permission#com.QCloud.qCloud.permission.JPUSH_MESSAGE
ADDED from Desktop\ActivePlan\AndroidManifest.xml:10:5-12:47
	android:protectionLevel
		ADDED from Desktop\ActivePlan\AndroidManifest.xml:12:9-44
	android:name
		ADDED from Desktop\ActivePlan\AndroidManifest.xml:11:9-66
uses-permission#android.permission.RUN_INSTRUMENTATION
ADDED from Desktop\ActivePlan\AndroidManifest.xml:14:5-78
	android:name
		ADDED from Desktop\ActivePlan\AndroidManifest.xml:14:22-75
uses-permission#android.permission.WRITE_EXTERNAL_STORAGE
ADDED from Desktop\ActivePlan\AndroidManifest.xml:16:5-81
MERGED from [ActivePlan:rongIMKit1:unspecified] AndroidManifest.xml:5:5-81
	android:name
		ADDED from Desktop\ActivePlan\AndroidManifest.xml:16:22-78
uses-permission#android.permission.RECEIVE_USER_PRESENT
ADDED from Desktop\ActivePlan\AndroidManifest.xml:17:5-79
	android:name
		ADDED from Desktop\ActivePlan\AndroidManifest.xml:17:22-76
uses-permission#android.permission.INTERNET
ADDED from Desktop\ActivePlan\AndroidManifest.xml:18:5-67
MERGED from [ActivePlan:rongIMKit1:unspecified] AndroidManifest.xml:6:5-67
	android:name
		ADDED from Desktop\ActivePlan\AndroidManifest.xml:18:22-64
uses-permission#android.permission.WAKE_LOCK
ADDED from Desktop\ActivePlan\AndroidManifest.xml:19:5-68
MERGED from [ActivePlan:rongIMKit1:unspecified] AndroidManifest.xml:23:5-68
	android:name
		ADDED from Desktop\ActivePlan\AndroidManifest.xml:19:22-65
uses-permission#android.permission.READ_EXTERNAL_STORAGE
ADDED from Desktop\ActivePlan\AndroidManifest.xml:20:5-80
	android:name
		ADDED from Desktop\ActivePlan\AndroidManifest.xml:20:22-77
uses-permission#android.permission.WRITE_SETTINGS
ADDED from Desktop\ActivePlan\AndroidManifest.xml:21:5-73
MERGED from [ActivePlan:rongIMKit1:unspecified] AndroidManifest.xml:24:5-73
	android:name
		ADDED from Desktop\ActivePlan\AndroidManifest.xml:21:22-70
uses-permission#android.permission.VIBRATE
ADDED from Desktop\ActivePlan\AndroidManifest.xml:22:5-66
MERGED from [ActivePlan:rongIMKit1:unspecified] AndroidManifest.xml:21:5-66
	android:name
		ADDED from Desktop\ActivePlan\AndroidManifest.xml:22:22-63
uses-permission#android.permission.MOUNT_UNMOUNT_FILESYSTEMS
ADDED from Desktop\ActivePlan\AndroidManifest.xml:23:5-84
	android:name
		ADDED from Desktop\ActivePlan\AndroidManifest.xml:23:22-81
uses-permission#android.permission.SYSTEM_ALERT_WINDOW
ADDED from Desktop\ActivePlan\AndroidManifest.xml:24:5-78
	android:name
		ADDED from Desktop\ActivePlan\AndroidManifest.xml:24:22-75
uses-permission#android.permission.CHANGE_WIFI_STATE
ADDED from Desktop\ActivePlan\AndroidManifest.xml:25:5-76
	android:name
		ADDED from Desktop\ActivePlan\AndroidManifest.xml:25:22-73
uses-permission#android.permission.ACCESS_COARSE_LOCATION
ADDED from Desktop\ActivePlan\AndroidManifest.xml:27:5-81
MERGED from [ActivePlan:rongIMKit1:unspecified] AndroidManifest.xml:7:5-81
	android:name
		ADDED from Desktop\ActivePlan\AndroidManifest.xml:27:22-78
uses-permission#android.permission.ACCESS_FINE_LOCATION
ADDED from Desktop\ActivePlan\AndroidManifest.xml:28:5-79
	android:name
		ADDED from Desktop\ActivePlan\AndroidManifest.xml:28:22-76
uses-permission#android.permission.ACCESS_WIFI_STATE
ADDED from Desktop\ActivePlan\AndroidManifest.xml:29:5-76
MERGED from [ActivePlan:rongIMKit1:unspecified] AndroidManifest.xml:14:5-76
	android:name
		ADDED from Desktop\ActivePlan\AndroidManifest.xml:29:22-73
uses-permission#android.permission.ACCESS_NETWORK_STATE
ADDED from Desktop\ActivePlan\AndroidManifest.xml:30:5-79
MERGED from [ActivePlan:rongIMKit1:unspecified] AndroidManifest.xml:16:5-79
	android:name
		ADDED from Desktop\ActivePlan\AndroidManifest.xml:30:22-76
uses-permission#android.permission.READ_PHONE_STATE
ADDED from Desktop\ActivePlan\AndroidManifest.xml:31:5-75
MERGED from [ActivePlan:rongIMKit1:unspecified] AndroidManifest.xml:9:5-75
	android:name
		ADDED from Desktop\ActivePlan\AndroidManifest.xml:31:22-72
uses-permission#android.permission.READ_LOGS
ADDED from Desktop\ActivePlan\AndroidManifest.xml:32:5-68
	android:name
		ADDED from Desktop\ActivePlan\AndroidManifest.xml:32:22-65
uses-permission#android.permission.MANAGE_ACCOUNTS
ADDED from Desktop\ActivePlan\AndroidManifest.xml:33:5-74
	android:name
		ADDED from Desktop\ActivePlan\AndroidManifest.xml:33:22-71
uses-permission#android.permission.GET_ACCOUNTS
ADDED from Desktop\ActivePlan\AndroidManifest.xml:34:5-71
	android:name
		ADDED from Desktop\ActivePlan\AndroidManifest.xml:34:22-68
uses-permission#android.permission.BLUETOOTH
ADDED from Desktop\ActivePlan\AndroidManifest.xml:36:5-68
	android:name
		ADDED from Desktop\ActivePlan\AndroidManifest.xml:36:22-65
uses-permission#android.permission.BLUETOOTH_ADMIN
ADDED from Desktop\ActivePlan\AndroidManifest.xml:37:5-74
	android:name
		ADDED from Desktop\ActivePlan\AndroidManifest.xml:37:22-71
uses-permission#android.permission.GET_TASKS
ADDED from Desktop\ActivePlan\AndroidManifest.xml:38:5-68
MERGED from [ActivePlan:rongIMKit1:unspecified] AndroidManifest.xml:10:5-68
	android:name
		ADDED from Desktop\ActivePlan\AndroidManifest.xml:38:22-65
uses-permission#android.permission.INTERACT_ACROSS_USERS_FULL
ADDED from Desktop\ActivePlan\AndroidManifest.xml:39:5-85
MERGED from [ActivePlan:rongIMKit1:unspecified] AndroidManifest.xml:11:5-85
	android:name
		ADDED from Desktop\ActivePlan\AndroidManifest.xml:39:22-82
uses-permission#android.permission.CAMERA
ADDED from Desktop\ActivePlan\AndroidManifest.xml:40:5-65
MERGED from [ActivePlan:rongIMKit1:unspecified] AndroidManifest.xml:17:5-65
	android:name
		ADDED from Desktop\ActivePlan\AndroidManifest.xml:40:22-62
uses-permission#android.permission.RECORD_AUDIO
ADDED from Desktop\ActivePlan\AndroidManifest.xml:42:5-71
MERGED from [ActivePlan:rongIMKit1:unspecified] AndroidManifest.xml:19:5-71
	android:name
		ADDED from Desktop\ActivePlan\AndroidManifest.xml:42:22-68
uses-permission#android.permission.MODIFY_AUDIO_SETTINGS
ADDED from Desktop\ActivePlan\AndroidManifest.xml:43:5-80
MERGED from [ActivePlan:rongIMKit1:unspecified] AndroidManifest.xml:25:5-80
	android:name
		ADDED from Desktop\ActivePlan\AndroidManifest.xml:43:22-77
uses-permission#android.permission.RECEIVE_BOOT_COMPLETED
ADDED from Desktop\ActivePlan\AndroidManifest.xml:44:5-81
MERGED from [ActivePlan:rongIMKit1:unspecified] AndroidManifest.xml:26:5-81
	android:name
		ADDED from Desktop\ActivePlan\AndroidManifest.xml:44:22-78
uses-permission#android.permission.READ_CONTACTS
ADDED from Desktop\ActivePlan\AndroidManifest.xml:45:5-72
	android:name
		ADDED from Desktop\ActivePlan\AndroidManifest.xml:45:22-69
uses-permission#android.permission.RECEIVE_SMS
ADDED from Desktop\ActivePlan\AndroidManifest.xml:46:5-70
	android:name
		ADDED from Desktop\ActivePlan\AndroidManifest.xml:46:22-67
uses-permission#android.permission.READ_CALENDAR
ADDED from Desktop\ActivePlan\AndroidManifest.xml:47:5-72
	android:name
		ADDED from Desktop\ActivePlan\AndroidManifest.xml:47:22-69
uses-permission#android.permission.WRITE_CALENDAR
ADDED from Desktop\ActivePlan\AndroidManifest.xml:48:5-73
	android:name
		ADDED from Desktop\ActivePlan\AndroidManifest.xml:48:22-70
uses-permission#android.permission.RECORD_VIDEO
ADDED from Desktop\ActivePlan\AndroidManifest.xml:52:5-71
	android:name
		ADDED from Desktop\ActivePlan\AndroidManifest.xml:52:22-68
uses-feature#android.hardware.camera
ADDED from Desktop\ActivePlan\AndroidManifest.xml:54:5-60
	android:name
		ADDED from Desktop\ActivePlan\AndroidManifest.xml:54:19-57
supports-screens
ADDED from Desktop\ActivePlan\AndroidManifest.xml:56:5-62:40
	android:largeScreens
		ADDED from Desktop\ActivePlan\AndroidManifest.xml:58:9-36
	android:smallScreens
		ADDED from Desktop\ActivePlan\AndroidManifest.xml:61:9-36
	android:normalScreens
		ADDED from Desktop\ActivePlan\AndroidManifest.xml:59:9-37
	android:xlargeScreens
		ADDED from Desktop\ActivePlan\AndroidManifest.xml:62:9-37
	android:resizeable
		ADDED from Desktop\ActivePlan\AndroidManifest.xml:60:9-34
	android:anyDensity
		ADDED from Desktop\ActivePlan\AndroidManifest.xml:57:9-34
application
ADDED from Desktop\ActivePlan\AndroidManifest.xml:64:5-515:19
MERGED from [ActivePlan:library:unspecified] AndroidManifest.xml:11:5-20
MERGED from [ActivePlan:rongIMKit1:unspecified] AndroidManifest.xml:28:5-109:19
	android:label
		ADDED from Desktop\ActivePlan\AndroidManifest.xml:68:9-41
	android:allowBackup
		ADDED from Desktop\ActivePlan\AndroidManifest.xml:66:9-35
	android:icon
		ADDED from Desktop\ActivePlan\AndroidManifest.xml:67:9-38
	android:theme
		ADDED from Desktop\ActivePlan\AndroidManifest.xml:69:9-40
	android:name
		ADDED from Desktop\ActivePlan\AndroidManifest.xml:65:9-38
service#com.baidu.location.f
ADDED from Desktop\ActivePlan\AndroidManifest.xml:70:9-73:41
	android:enabled
		ADDED from Desktop\ActivePlan\AndroidManifest.xml:72:13-35
	android:process
		ADDED from Desktop\ActivePlan\AndroidManifest.xml:73:13-38
	android:name
		ADDED from Desktop\ActivePlan\AndroidManifest.xml:71:13-48
meta-data#com.baidu.lbsapi.API_KEY
ADDED from Desktop\ActivePlan\AndroidManifest.xml:75:9-77:64
	android:value
		ADDED from Desktop\ActivePlan\AndroidManifest.xml:77:13-61
	android:name
		ADDED from Desktop\ActivePlan\AndroidManifest.xml:76:13-52
activity#com.xz.activeplan.ui.WelcomeActivity
ADDED from Desktop\ActivePlan\AndroidManifest.xml:81:9-91:20
	android:screenOrientation
		ADDED from Desktop\ActivePlan\AndroidManifest.xml:83:13-49
	android:theme
		ADDED from Desktop\ActivePlan\AndroidManifest.xml:84:13-60
	android:name
		ADDED from Desktop\ActivePlan\AndroidManifest.xml:82:13-47
intent-filter#android.intent.action.MAIN+android.intent.category.LAUNCHER+com.xz.activeplan
ADDED from Desktop\ActivePlan\AndroidManifest.xml:85:13-90:29
action#android.intent.action.MAIN
ADDED from Desktop\ActivePlan\AndroidManifest.xml:86:17-69
	android:name
		ADDED from Desktop\ActivePlan\AndroidManifest.xml:86:25-66
category#android.intent.category.LAUNCHER
ADDED from Desktop\ActivePlan\AndroidManifest.xml:88:17-77
	android:name
		ADDED from Desktop\ActivePlan\AndroidManifest.xml:88:27-74
category#com.xz.activeplan
ADDED from Desktop\ActivePlan\AndroidManifest.xml:89:17-62
	android:name
		ADDED from Desktop\ActivePlan\AndroidManifest.xml:89:27-59
activity#com.xz.activeplan.wxapi.WXPayEntryActivity
ADDED from Desktop\ActivePlan\AndroidManifest.xml:92:9-95:46
	android:launchMode
		ADDED from Desktop\ActivePlan\AndroidManifest.xml:95:13-43
	android:exported
		ADDED from Desktop\ActivePlan\AndroidManifest.xml:94:13-36
	android:name
		ADDED from Desktop\ActivePlan\AndroidManifest.xml:93:13-53
activity#com.xz.activeplan.ui.MainActivity
ADDED from Desktop\ActivePlan\AndroidManifest.xml:96:9-99:52
	android:screenOrientation
		ADDED from Desktop\ActivePlan\AndroidManifest.xml:99:13-49
	android:launchMode
		ADDED from Desktop\ActivePlan\AndroidManifest.xml:98:13-44
	android:name
		ADDED from Desktop\ActivePlan\AndroidManifest.xml:97:13-44
activity#com.xz.activeplan.ui.recommend.charts.SponsorChartsActivity
ADDED from Desktop\ActivePlan\AndroidManifest.xml:100:9-103:51
	android:screenOrientation
		ADDED from Desktop\ActivePlan\AndroidManifest.xml:103:13-49
	android:launchMode
		ADDED from Desktop\ActivePlan\AndroidManifest.xml:102:13-44
	android:name
		ADDED from Desktop\ActivePlan\AndroidManifest.xml:101:13-70
activity#com.xz.activeplan.ui.SplashActivity
ADDED from Desktop\ActivePlan\AndroidManifest.xml:104:9-107:52
	android:screenOrientation
		ADDED from Desktop\ActivePlan\AndroidManifest.xml:107:13-49
	android:launchMode
		ADDED from Desktop\ActivePlan\AndroidManifest.xml:106:13-44
	android:name
		ADDED from Desktop\ActivePlan\AndroidManifest.xml:105:13-46
activity#com.xz.activeplan.ui.recommend.activity.ChooseCityActivity
ADDED from Desktop\ActivePlan\AndroidManifest.xml:108:9-111:52
	android:screenOrientation
		ADDED from Desktop\ActivePlan\AndroidManifest.xml:111:13-49
	android:launchMode
		ADDED from Desktop\ActivePlan\AndroidManifest.xml:110:13-44
	android:name
		ADDED from Desktop\ActivePlan\AndroidManifest.xml:109:13-69
activity#com.xz.activeplan.ui.recommend.activity.PostActiveActivity
ADDED from Desktop\ActivePlan\AndroidManifest.xml:112:9-115:52
	android:screenOrientation
		ADDED from Desktop\ActivePlan\AndroidManifest.xml:115:13-49
	android:launchMode
		ADDED from Desktop\ActivePlan\AndroidManifest.xml:114:13-44
	android:name
		ADDED from Desktop\ActivePlan\AndroidManifest.xml:113:13-69
activity#com.xz.activeplan.ui.personal.activity.SettingActivity
ADDED from Desktop\ActivePlan\AndroidManifest.xml:116:9-119:52
	android:screenOrientation
		ADDED from Desktop\ActivePlan\AndroidManifest.xml:119:13-49
	android:launchMode
		ADDED from Desktop\ActivePlan\AndroidManifest.xml:118:13-44
	android:name
		ADDED from Desktop\ActivePlan\AndroidManifest.xml:117:13-65
activity#com.xz.activeplan.ui.personal.activity.AboutActivity
ADDED from Desktop\ActivePlan\AndroidManifest.xml:120:9-123:52
	android:screenOrientation
		ADDED from Desktop\ActivePlan\AndroidManifest.xml:123:13-49
	android:launchMode
		ADDED from Desktop\ActivePlan\AndroidManifest.xml:122:13-44
	android:name
		ADDED from Desktop\ActivePlan\AndroidManifest.xml:121:13-63
activity#com.xz.activeplan.ui.personal.activity.FeedBackActivity
ADDED from Desktop\ActivePlan\AndroidManifest.xml:124:9-127:52
	android:screenOrientation
		ADDED from Desktop\ActivePlan\AndroidManifest.xml:127:13-49
	android:launchMode
		ADDED from Desktop\ActivePlan\AndroidManifest.xml:126:13-44
	android:name
		ADDED from Desktop\ActivePlan\AndroidManifest.xml:125:13-66
activity#com.xz.activeplan.ui.personal.activity.TicketActivity
ADDED from Desktop\ActivePlan\AndroidManifest.xml:128:9-131:52
	android:screenOrientation
		ADDED from Desktop\ActivePlan\AndroidManifest.xml:131:13-49
	android:launchMode
		ADDED from Desktop\ActivePlan\AndroidManifest.xml:130:13-44
	android:name
		ADDED from Desktop\ActivePlan\AndroidManifest.xml:129:13-64
activity#com.xz.activeplan.ui.personal.activity.CollectActivity
ADDED from Desktop\ActivePlan\AndroidManifest.xml:132:9-135:52
	android:screenOrientation
		ADDED from Desktop\ActivePlan\AndroidManifest.xml:135:13-49
	android:launchMode
		ADDED from Desktop\ActivePlan\AndroidManifest.xml:134:13-44
	android:name
		ADDED from Desktop\ActivePlan\AndroidManifest.xml:133:13-65
activity#com.xz.activeplan.ui.personal.activity.OrganizersActivity
ADDED from Desktop\ActivePlan\AndroidManifest.xml:136:9-139:52
	android:screenOrientation
		ADDED from Desktop\ActivePlan\AndroidManifest.xml:139:13-49
	android:launchMode
		ADDED from Desktop\ActivePlan\AndroidManifest.xml:138:13-44
	android:name
		ADDED from Desktop\ActivePlan\AndroidManifest.xml:137:13-68
activity#com.xz.activeplan.ui.personal.activity.UpdateNickNameActivity
ADDED from Desktop\ActivePlan\AndroidManifest.xml:140:9-143:52
	android:screenOrientation
		ADDED from Desktop\ActivePlan\AndroidManifest.xml:143:13-49
	android:launchMode
		ADDED from Desktop\ActivePlan\AndroidManifest.xml:142:13-44
	android:name
		ADDED from Desktop\ActivePlan\AndroidManifest.xml:141:13-72
activity#com.xz.activeplan.ui.personal.activity.PictureActivity
ADDED from Desktop\ActivePlan\AndroidManifest.xml:144:9-147:52
	android:screenOrientation
		ADDED from Desktop\ActivePlan\AndroidManifest.xml:147:13-49
	android:launchMode
		ADDED from Desktop\ActivePlan\AndroidManifest.xml:146:13-44
	android:name
		ADDED from Desktop\ActivePlan\AndroidManifest.xml:145:13-65
activity#com.xz.activeplan.ui.personal.activity.UpdateRealNameActivity
ADDED from Desktop\ActivePlan\AndroidManifest.xml:148:9-151:52
	android:screenOrientation
		ADDED from Desktop\ActivePlan\AndroidManifest.xml:151:13-49
	android:launchMode
		ADDED from Desktop\ActivePlan\AndroidManifest.xml:150:13-44
	android:name
		ADDED from Desktop\ActivePlan\AndroidManifest.xml:149:13-72
activity#com.xz.activeplan.ui.personal.activity.UpdateSignatureActivity
ADDED from Desktop\ActivePlan\AndroidManifest.xml:152:9-155:52
	android:screenOrientation
		ADDED from Desktop\ActivePlan\AndroidManifest.xml:155:13-49
	android:launchMode
		ADDED from Desktop\ActivePlan\AndroidManifest.xml:154:13-44
	android:name
		ADDED from Desktop\ActivePlan\AndroidManifest.xml:153:13-73
activity#com.xz.activeplan.ui.personal.activity.UpdateAlipayAccountActivity
ADDED from Desktop\ActivePlan\AndroidManifest.xml:156:9-159:52
	android:screenOrientation
		ADDED from Desktop\ActivePlan\AndroidManifest.xml:159:13-49
	android:launchMode
		ADDED from Desktop\ActivePlan\AndroidManifest.xml:158:13-44
	android:name
		ADDED from Desktop\ActivePlan\AndroidManifest.xml:157:13-77
activity#com.xz.activeplan.ui.personal.activity.UpdateAlipayuserNameActivity
ADDED from Desktop\ActivePlan\AndroidManifest.xml:160:9-163:52
	android:screenOrientation
		ADDED from Desktop\ActivePlan\AndroidManifest.xml:163:13-49
	android:launchMode
		ADDED from Desktop\ActivePlan\AndroidManifest.xml:162:13-44
	android:name
		ADDED from Desktop\ActivePlan\AndroidManifest.xml:161:13-78
activity#com.xz.activeplan.ui.personal.activity.MoneyAccountActivity
ADDED from Desktop\ActivePlan\AndroidManifest.xml:164:9-167:52
	android:screenOrientation
		ADDED from Desktop\ActivePlan\AndroidManifest.xml:167:13-49
	android:launchMode
		ADDED from Desktop\ActivePlan\AndroidManifest.xml:166:13-44
	android:name
		ADDED from Desktop\ActivePlan\AndroidManifest.xml:165:13-70
activity#com.xz.activeplan.ui.personal.activity.MoneyTiXinActivity
ADDED from Desktop\ActivePlan\AndroidManifest.xml:168:9-171:52
	android:screenOrientation
		ADDED from Desktop\ActivePlan\AndroidManifest.xml:171:13-49
	android:launchMode
		ADDED from Desktop\ActivePlan\AndroidManifest.xml:170:13-44
	android:name
		ADDED from Desktop\ActivePlan\AndroidManifest.xml:169:13-68
activity#com.xz.activeplan.ui.personal.activity.MoneyListActivity
ADDED from Desktop\ActivePlan\AndroidManifest.xml:172:9-175:52
	android:screenOrientation
		ADDED from Desktop\ActivePlan\AndroidManifest.xml:175:13-49
	android:launchMode
		ADDED from Desktop\ActivePlan\AndroidManifest.xml:174:13-44
	android:name
		ADDED from Desktop\ActivePlan\AndroidManifest.xml:173:13-67
activity#com.xz.activeplan.ui.personal.activity.MoneyDetailActivity
ADDED from Desktop\ActivePlan\AndroidManifest.xml:176:9-179:52
	android:screenOrientation
		ADDED from Desktop\ActivePlan\AndroidManifest.xml:179:13-49
	android:launchMode
		ADDED from Desktop\ActivePlan\AndroidManifest.xml:178:13-44
	android:name
		ADDED from Desktop\ActivePlan\AndroidManifest.xml:177:13-69
activity#com.xz.activeplan.ui.personal.activity.HostInfoActivity
ADDED from Desktop\ActivePlan\AndroidManifest.xml:180:9-183:52
	android:screenOrientation
		ADDED from Desktop\ActivePlan\AndroidManifest.xml:183:13-49
	android:launchMode
		ADDED from Desktop\ActivePlan\AndroidManifest.xml:182:13-44
	android:name
		ADDED from Desktop\ActivePlan\AndroidManifest.xml:181:13-66
activity#com.xz.activeplan.ui.personal.activity.FriendActivity
ADDED from Desktop\ActivePlan\AndroidManifest.xml:184:9-187:52
	android:screenOrientation
		ADDED from Desktop\ActivePlan\AndroidManifest.xml:187:13-49
	android:launchMode
		ADDED from Desktop\ActivePlan\AndroidManifest.xml:186:13-44
	android:name
		ADDED from Desktop\ActivePlan\AndroidManifest.xml:185:13-64
activity#com.xz.activeplan.ui.personal.activity.RemindActivity
ADDED from Desktop\ActivePlan\AndroidManifest.xml:188:9-191:52
	android:screenOrientation
		ADDED from Desktop\ActivePlan\AndroidManifest.xml:191:13-49
	android:launchMode
		ADDED from Desktop\ActivePlan\AndroidManifest.xml:190:13-44
	android:name
		ADDED from Desktop\ActivePlan\AndroidManifest.xml:189:13-64
activity#com.xz.activeplan.ui.personal.activity.PersonalInfoActivity
ADDED from Desktop\ActivePlan\AndroidManifest.xml:192:9-195:52
	android:screenOrientation
		ADDED from Desktop\ActivePlan\AndroidManifest.xml:195:13-49
	android:launchMode
		ADDED from Desktop\ActivePlan\AndroidManifest.xml:194:13-44
	android:name
		ADDED from Desktop\ActivePlan\AndroidManifest.xml:193:13-70
activity#com.xz.activeplan.ui.personal.activity.UserDetailActivity
ADDED from Desktop\ActivePlan\AndroidManifest.xml:196:9-199:52
	android:screenOrientation
		ADDED from Desktop\ActivePlan\AndroidManifest.xml:199:13-49
	android:launchMode
		ADDED from Desktop\ActivePlan\AndroidManifest.xml:198:13-44
	android:name
		ADDED from Desktop\ActivePlan\AndroidManifest.xml:197:13-68
activity#com.xz.activeplan.ui.personal.activity.GideActivity
ADDED from Desktop\ActivePlan\AndroidManifest.xml:200:9-203:52
	android:screenOrientation
		ADDED from Desktop\ActivePlan\AndroidManifest.xml:203:13-49
	android:launchMode
		ADDED from Desktop\ActivePlan\AndroidManifest.xml:202:13-44
	android:name
		ADDED from Desktop\ActivePlan\AndroidManifest.xml:201:13-62
activity#com.xz.activeplan.ui.personal.activity.LoginActivity
ADDED from Desktop\ActivePlan\AndroidManifest.xml:204:9-207:52
	android:screenOrientation
		ADDED from Desktop\ActivePlan\AndroidManifest.xml:207:13-49
	android:launchMode
		ADDED from Desktop\ActivePlan\AndroidManifest.xml:206:13-44
	android:name
		ADDED from Desktop\ActivePlan\AndroidManifest.xml:205:13-63
activity#com.xz.activeplan.ui.personal.activity.RegisterActivity
ADDED from Desktop\ActivePlan\AndroidManifest.xml:208:9-211:52
	android:screenOrientation
		ADDED from Desktop\ActivePlan\AndroidManifest.xml:211:13-49
	android:launchMode
		ADDED from Desktop\ActivePlan\AndroidManifest.xml:210:13-44
	android:name
		ADDED from Desktop\ActivePlan\AndroidManifest.xml:209:13-66
activity#com.xz.activeplan.ui.personal.activity.UpdatePasswordActivity
ADDED from Desktop\ActivePlan\AndroidManifest.xml:212:9-215:52
	android:screenOrientation
		ADDED from Desktop\ActivePlan\AndroidManifest.xml:215:13-49
	android:launchMode
		ADDED from Desktop\ActivePlan\AndroidManifest.xml:214:13-44
	android:name
		ADDED from Desktop\ActivePlan\AndroidManifest.xml:213:13-72
activity#com.xz.activeplan.ui.personal.activity.GroupMemberActivity
ADDED from Desktop\ActivePlan\AndroidManifest.xml:216:9-219:52
	android:screenOrientation
		ADDED from Desktop\ActivePlan\AndroidManifest.xml:219:13-49
	android:launchMode
		ADDED from Desktop\ActivePlan\AndroidManifest.xml:218:13-44
	android:name
		ADDED from Desktop\ActivePlan\AndroidManifest.xml:217:13-69
activity#com.xz.activeplan.ui.personal.activity.TicketVoumeDetalActivity
ADDED from Desktop\ActivePlan\AndroidManifest.xml:220:9-223:52
	android:screenOrientation
		ADDED from Desktop\ActivePlan\AndroidManifest.xml:223:13-49
	android:launchMode
		ADDED from Desktop\ActivePlan\AndroidManifest.xml:222:13-44
	android:name
		ADDED from Desktop\ActivePlan\AndroidManifest.xml:221:13-74
activity#com.xz.activeplan.ui.personal.activity.HostActivity
ADDED from Desktop\ActivePlan\AndroidManifest.xml:224:9-227:52
	android:screenOrientation
		ADDED from Desktop\ActivePlan\AndroidManifest.xml:227:13-49
	android:launchMode
		ADDED from Desktop\ActivePlan\AndroidManifest.xml:226:13-44
	android:name
		ADDED from Desktop\ActivePlan\AndroidManifest.xml:225:13-62
activity#com.xz.activeplan.ui.personal.activity.FindPasswordActivity
ADDED from Desktop\ActivePlan\AndroidManifest.xml:228:9-231:52
	android:screenOrientation
		ADDED from Desktop\ActivePlan\AndroidManifest.xml:231:13-49
	android:launchMode
		ADDED from Desktop\ActivePlan\AndroidManifest.xml:230:13-44
	android:name
		ADDED from Desktop\ActivePlan\AndroidManifest.xml:229:13-70
activity#com.xz.activeplan.ui.find.activity.AccuvallyDetailsActivity
ADDED from Desktop\ActivePlan\AndroidManifest.xml:232:9-234:52
	android:screenOrientation
		ADDED from Desktop\ActivePlan\AndroidManifest.xml:234:13-49
	android:name
		ADDED from Desktop\ActivePlan\AndroidManifest.xml:233:13-70
activity#com.xz.activeplan.ui.find.activity.MapActivity
ADDED from Desktop\ActivePlan\AndroidManifest.xml:235:9-238:52
	android:screenOrientation
		ADDED from Desktop\ActivePlan\AndroidManifest.xml:238:13-49
	android:launchMode
		ADDED from Desktop\ActivePlan\AndroidManifest.xml:237:13-44
	android:name
		ADDED from Desktop\ActivePlan\AndroidManifest.xml:236:13-57
activity#com.xz.activeplan.ui.recommend.activity.ActiviteActivity
ADDED from Desktop\ActivePlan\AndroidManifest.xml:239:9-242:52
	android:screenOrientation
		ADDED from Desktop\ActivePlan\AndroidManifest.xml:242:13-49
	android:launchMode
		ADDED from Desktop\ActivePlan\AndroidManifest.xml:241:13-44
	android:name
		ADDED from Desktop\ActivePlan\AndroidManifest.xml:240:13-67
activity#com.xz.activeplan.ui.recommend.activity.SignUpTicketActivity
ADDED from Desktop\ActivePlan\AndroidManifest.xml:243:9-246:52
	android:screenOrientation
		ADDED from Desktop\ActivePlan\AndroidManifest.xml:246:13-49
	android:launchMode
		ADDED from Desktop\ActivePlan\AndroidManifest.xml:245:13-44
	android:name
		ADDED from Desktop\ActivePlan\AndroidManifest.xml:244:13-71
activity#com.xz.activeplan.ui.recommend.activity.BuyTicketActivity
ADDED from Desktop\ActivePlan\AndroidManifest.xml:247:9-250:52
	android:screenOrientation
		ADDED from Desktop\ActivePlan\AndroidManifest.xml:250:13-49
	android:launchMode
		ADDED from Desktop\ActivePlan\AndroidManifest.xml:249:13-44
	android:name
		ADDED from Desktop\ActivePlan\AndroidManifest.xml:248:13-68
activity#com.xz.activeplan.ui.recommend.activity.ActiveTicketctivity
ADDED from Desktop\ActivePlan\AndroidManifest.xml:251:9-254:52
	android:screenOrientation
		ADDED from Desktop\ActivePlan\AndroidManifest.xml:254:13-49
	android:launchMode
		ADDED from Desktop\ActivePlan\AndroidManifest.xml:253:13-44
	android:name
		ADDED from Desktop\ActivePlan\AndroidManifest.xml:252:13-70
activity#com.xz.activeplan.ui.recommend.activity.SureOrderActivity
ADDED from Desktop\ActivePlan\AndroidManifest.xml:255:9-266:20
	android:screenOrientation
		ADDED from Desktop\ActivePlan\AndroidManifest.xml:258:13-49
	android:launchMode
		ADDED from Desktop\ActivePlan\AndroidManifest.xml:257:13-44
	android:name
		ADDED from Desktop\ActivePlan\AndroidManifest.xml:256:13-68
intent-filter#android.intent.action.VIEW+android.intent.category.DEFAULT
ADDED from Desktop\ActivePlan\AndroidManifest.xml:259:13-265:29
action#android.intent.action.VIEW
ADDED from Desktop\ActivePlan\AndroidManifest.xml:260:17-69
	android:name
		ADDED from Desktop\ActivePlan\AndroidManifest.xml:260:25-66
category#android.intent.category.DEFAULT
ADDED from Desktop\ActivePlan\AndroidManifest.xml:262:17-76
	android:name
		ADDED from Desktop\ActivePlan\AndroidManifest.xml:262:27-73
data
ADDED from Desktop\ActivePlan\AndroidManifest.xml:264:17-61
	android:scheme
		ADDED from Desktop\ActivePlan\AndroidManifest.xml:264:23-58
activity#com.xz.activeplan.ui.recommend.activity.PaySuccessActivity
ADDED from Desktop\ActivePlan\AndroidManifest.xml:267:9-270:52
	android:screenOrientation
		ADDED from Desktop\ActivePlan\AndroidManifest.xml:270:13-49
	android:launchMode
		ADDED from Desktop\ActivePlan\AndroidManifest.xml:269:13-44
	android:name
		ADDED from Desktop\ActivePlan\AndroidManifest.xml:268:13-69
activity#com.xz.activeplan.ui.recommend.activity.ModifyHostInfoActivity
ADDED from Desktop\ActivePlan\AndroidManifest.xml:271:9-274:52
	android:screenOrientation
		ADDED from Desktop\ActivePlan\AndroidManifest.xml:274:13-49
	android:launchMode
		ADDED from Desktop\ActivePlan\AndroidManifest.xml:273:13-44
	android:name
		ADDED from Desktop\ActivePlan\AndroidManifest.xml:272:13-73
activity#com.xz.activeplan.ui.recommend.activity.WebActivity
ADDED from Desktop\ActivePlan\AndroidManifest.xml:275:9-278:52
	android:screenOrientation
		ADDED from Desktop\ActivePlan\AndroidManifest.xml:278:13-49
	android:launchMode
		ADDED from Desktop\ActivePlan\AndroidManifest.xml:277:13-44
	android:name
		ADDED from Desktop\ActivePlan\AndroidManifest.xml:276:13-62
activity#com.xz.activeplan.ui.recommend.activity.PaySuccess2Activity
ADDED from Desktop\ActivePlan\AndroidManifest.xml:279:9-282:52
	android:screenOrientation
		ADDED from Desktop\ActivePlan\AndroidManifest.xml:282:13-49
	android:launchMode
		ADDED from Desktop\ActivePlan\AndroidManifest.xml:281:13-44
	android:name
		ADDED from Desktop\ActivePlan\AndroidManifest.xml:280:13-70
activity#com.xz.activeplan.ui.recommend.activity.SponsorDetailActivity
ADDED from Desktop\ActivePlan\AndroidManifest.xml:283:9-286:52
	android:screenOrientation
		ADDED from Desktop\ActivePlan\AndroidManifest.xml:286:13-49
	android:launchMode
		ADDED from Desktop\ActivePlan\AndroidManifest.xml:285:13-44
	android:name
		ADDED from Desktop\ActivePlan\AndroidManifest.xml:284:13-72
activity#com.xz.activeplan.ui.recommend.activity.SearchActivity
ADDED from Desktop\ActivePlan\AndroidManifest.xml:287:9-290:52
	android:screenOrientation
		ADDED from Desktop\ActivePlan\AndroidManifest.xml:290:13-49
	android:launchMode
		ADDED from Desktop\ActivePlan\AndroidManifest.xml:289:13-44
	android:name
		ADDED from Desktop\ActivePlan\AndroidManifest.xml:288:13-65
activity#com.xz.activeplan.ui.recommend.activity.SelectMapActivity
ADDED from Desktop\ActivePlan\AndroidManifest.xml:291:9-294:52
	android:screenOrientation
		ADDED from Desktop\ActivePlan\AndroidManifest.xml:294:13-49
	android:launchMode